<?xml version="1.0" encoding="UTF-8"?>
<testng-results ignored="0" total="2" passed="1" failed="1" skipped="0">
  <reporter-output>
  </reporter-output>
  <suite started-at="2026-05-17T10:51:46 IST" name="Default suite" finished-at="2026-05-17T10:52:01 IST" duration-ms="15595">
    <groups>
    </groups>
    <test started-at="2026-05-17T10:51:46 IST" name="Default test" finished-at="2026-05-17T10:52:01 IST" duration-ms="15595">
      <class name="org.test.qa.HomeworkwrittingExtentReport">
        <test-method is-config="true" signature="setup()[pri:0, instance:org.test.qa.HomeworkwrittingExtentReport@24c4ddae]" started-at="2026-05-17T10:51:45 IST" name="setup" finished-at="2026-05-17T10:51:46 IST" duration-ms="402" status="PASS">
          <reporter-output>
          </reporter-output>
        </test-method> <!-- setup -->
        <test-method is-config="true" signature="setup1()[pri:0, instance:org.test.qa.HomeworkwrittingExtentReport@24c4ddae]" started-at="2026-05-17T10:51:46 IST" name="setup1" finished-at="2026-05-17T10:51:57 IST" duration-ms="10948" status="PASS">
          <reporter-output>
          </reporter-output>
        </test-method> <!-- setup1 -->
        <test-method signature="logoutTest()[pri:0, instance:org.test.qa.HomeworkwrittingExtentReport@24c4ddae]" started-at="2026-05-17T10:51:57 IST" name="logoutTest" finished-at="2026-05-17T10:51:57 IST" duration-ms="15" status="PASS">
          <reporter-output>
          </reporter-output>
        </test-method> <!-- logoutTest -->
        <test-method is-config="true" signature="setup1()[pri:0, instance:org.test.qa.HomeworkwrittingExtentReport@24c4ddae]" started-at="2026-05-17T10:51:57 IST" name="setup1" finished-at="2026-05-17T10:52:00 IST" duration-ms="3436" status="PASS">
          <reporter-output>
          </reporter-output>
        </test-method> <!-- setup1 -->
        <test-method is-config="true" signature="tearDown()[pri:0, instance:org.test.qa.HomeworkwrittingExtentReport@24c4ddae]" started-at="2026-05-17T10:51:57 IST" name="tearDown" finished-at="2026-05-17T10:51:57 IST" duration-ms="0" status="PASS">
          <reporter-output>
          </reporter-output>
        </test-method> <!-- tearDown -->
        <test-method signature="testMethod()[pri:0, instance:org.test.qa.HomeworkwrittingExtentReport@24c4ddae]" started-at="2026-05-17T10:52:00 IST" name="testMethod" finished-at="2026-05-17T10:52:01 IST" duration-ms="1148" status="FAIL">
          <exception class="java.lang.NullPointerException">
            <message>
              <![CDATA[Cannot invoke "org.testng.asserts.SoftAssert.assertEquals(String, String)" because "org.test.qa.HomeworkwrittingExtentReport.soft" is null]]>
            </message>
            <full-stacktrace>
              <![CDATA[java.lang.NullPointerException: Cannot invoke "org.testng.asserts.SoftAssert.assertEquals(String, String)" because "org.test.qa.HomeworkwrittingExtentReport.soft" is null
at org.test.qa.HomeworkwrittingExtentReport.testMethod(HomeworkwrittingExtentReport.java:56)
at java.base/jdk.internal.reflect.DirectMethodHandleAccessor.invoke(DirectMethodHandleAccessor.java:103)
at java.base/java.lang.reflect.Method.invoke(Method.java:580)
at org.testng.internal.invokers.MethodInvocationHelper.invokeMethod(MethodInvocationHelper.java:141)
at org.testng.internal.invokers.TestInvoker.invokeMethod(TestInvoker.java:697)
at org.testng.internal.invokers.TestInvoker.invokeTestMethod(TestInvoker.java:230)
at org.testng.internal.invokers.MethodRunner.runInSequence(MethodRunner.java:63)
at org.testng.internal.invokers.TestInvoker$MethodInvocationAgent.invoke(TestInvoker.java:1005)
at org.testng.internal.invokers.TestInvoker.invokeTestMethods(TestInvoker.java:203)
at org.testng.internal.invokers.TestMethodWorker.invokeTestMethods(TestMethodWorker.java:154)
at org.testng.internal.invokers.TestMethodWorker.run(TestMethodWorker.java:134)
at java.base/java.util.ArrayList.forEach(ArrayList.java:1596)
at org.testng.TestRunner.privateRun(TestRunner.java:744)
at org.testng.TestRunner.run(TestRunner.java:616)
at org.testng.SuiteRunner.runTest(SuiteRunner.java:421)
at org.testng.SuiteRunner.runSequentially(SuiteRunner.java:413)
at org.testng.SuiteRunner.privateRun(SuiteRunner.java:373)
at org.testng.SuiteRunner.run(SuiteRunner.java:312)
at org.testng.SuiteRunnerWorker.runSuite(SuiteRunnerWorker.java:52)
at org.testng.SuiteRunnerWorker.run(SuiteRunnerWorker.java:95)
at org.testng.TestNG.runSuitesSequentially(TestNG.java:1274)
at org.testng.TestNG.runSuitesLocally(TestNG.java:1208)
at org.testng.TestNG.runSuites(TestNG.java:1112)
at org.testng.TestNG.run(TestNG.java:1079)
at org.testng.remote.AbstractRemoteTestNG.run(AbstractRemoteTestNG.java:115)
at org.testng.remote.RemoteTestNG.initAndRun(RemoteTestNG.java:293)
at org.testng.remote.RemoteTestNG.main(RemoteTestNG.java:91)
]]>
            </full-stacktrace>
          </exception> <!-- java.lang.NullPointerException -->
          <reporter-output>
          </reporter-output>
        </test-method> <!-- testMethod -->
        <test-method is-config="true" signature="tearDown()[pri:0, instance:org.test.qa.HomeworkwrittingExtentReport@24c4ddae]" started-at="2026-05-17T10:52:01 IST" name="tearDown" finished-at="2026-05-17T10:52:01 IST" duration-ms="0" status="PASS">
          <reporter-output>
          </reporter-output>
        </test-method> <!-- tearDown -->
        <test-method is-config="true" signature="endReport()[pri:0, instance:org.test.qa.HomeworkwrittingExtentReport@24c4ddae]" started-at="2026-05-17T10:52:01 IST" name="endReport" finished-at="2026-05-17T10:52:02 IST" duration-ms="458" status="PASS">
          <reporter-output>
          </reporter-output>
        </test-method> <!-- endReport -->
      </class> <!-- org.test.qa.HomeworkwrittingExtentReport -->
    </test> <!-- Default test -->
  </suite> <!-- Default suite -->
</testng-results>
